/root/frontend/scripts/sync-daily.js:163



SyntaxError: Unexpected end of input
    at wrapSafe (node:internal/modules/cjs/loader:1464:18)
    at Module._compile (node:internal/modules/cjs/loader:1495:20)
    at Module._extensions..js (node:internal/modules/cjs/loader:1623:10)
    at Module.load (node:internal/modules/cjs/loader:1266:32)
    at Module._load (node:internal/modules/cjs/loader:1091:12)
    at Function.executeUserEntryPoint [as runMain] (node:internal/modules/run_main:164:12)
    at node:internal/main/run_main_module:28:49

Node.js v20.19.6
/bin/sh: 1: /root/.nvm/versions/node/v20.18.0/bin/node: not found
/bin/sh: 1: /root/.nvm/versions/node/v20.18.0/bin/node: not found
/bin/sh: 1: /root/.nvm/versions/node/v20.18.0/bin/node: not found
/bin/sh: 1: /root/.nvm/versions/node/v20.18.0/bin/node: not found
/bin/sh: 1: /root/.nvm/versions/node/v20.18.0/bin/node: not found
/bin/sh: 1: /root/.nvm/versions/node/v20.18.0/bin/node: not found
/bin/sh: 1: /root/.nvm/versions/node/v20.18.0/bin/node: not found
/bin/sh: 1: /root/.nvm/versions/node/v20.18.0/bin/node: not found
/bin/sh: 1: /root/.nvm/versions/node/v20.18.0/bin/node: not found
/bin/sh: 1: /root/.nvm/versions/node/v20.18.0/bin/node: not found
